
         ==============================
         S N O P T  7.5-1.4  (Dec 2015)
         ==============================
1
 

 SPECS file
 ----------

      Begin  Toy NLP problem
         Major Print level           000001
      *                             (JFLXBT)
         Minor print level                1
         Solution                       yes
      End   Toy NLP problem
1
 
 SNSPEC EXIT 100 -- finished successfully
 SNSPEC INFO 101 -- SPECS file read
      Major Iteration limit                                          500
1
 
 SNMEMA EXIT 100 -- finished successfully
 SNMEMA INFO 104 -- memory requirements estimated
1
 
 Parameters
 ==========

 Files
 -----
 Solution file..........         0       Old basis file ........         0       Standard input.........         5
 Insert file............         0       New basis file ........         0       (Printer)..............         9
 Punch file.............         0       Backup basis file......         0       (Specs file)...........         4
 Load file..............         0       Dump file..............         0       Standard output........         6

 Frequencies
 -----------
 Print frequency........       100       Check frequency........        60       Save new basis map.....       100
 Summary frequency......       100       Factorization frequency        50       Expand frequency.......     10000

 QP subproblems
 --------------
 QPsolver Cholesky......
 Scale tolerance........     0.900       Minor feasibility tol..  1.00E-06       Iteration limit........     10000
 Scale option...........         0       Minor optimality  tol..  1.00E-06       Minor print level......         1
 Crash tolerance........     0.100       Pivot tolerance........  3.25E-11       New superbasics........        99
 Crash option...........         3       Elastic weight.........  1.00E+05

 Partial pricing
 ---------------
 LP Partial price.......         1       Prtl price section ( A)         2       Prtl price section (-I)         7
 QP Partial price.......         1       Prtl price section ( A)         2       Prtl price section (-I)         7

 The SQP Method
 --------------
 Minimize...............                 Cold start.............                 Proximal Point method..         1
 Nonlinear objectiv vars         2       Objective Row..........         1       Function precision.....  3.00E-13
 Unbounded step size....  1.00E+20       Superbasics limit......         2       Difference interval....  5.48E-07
 Unbounded objective....  1.00E+10       Reduced Hessian dim....         2       Central difference int.  6.70E-05
 Major step limit.......  2.00E+00       Derivative linesearch..                 Derivative option......         1
 Major iterations limit.       500       Linesearch tolerance...   0.90000       Verify level...........         0
 Minor iterations limit.       500       Penalty parameter......  0.00E+00       Major Print Level......         1
 Time limit (secs)...... 9999999.0       Major optimality tol...  2.00E-06

 Hessian Approximation
 ---------------------
 Hessian full-memory....                 Hessian updates........  99999999       Hessian frequency......  99999999
                                                                                 Hessian flush..........  99999999

 Nonlinear constraints
 ---------------------
 Nonlinear constraints..         2       Major feasibility tol..  1.00E-06       Violation limit........  1.00E+01
 Nonlinear Jacobian vars         2

 Miscellaneous
 -------------
 LU factor tolerance....      3.99       LU singularity tol.....  3.25E-11       Timing level...........         3
 LU update tolerance....      3.99       LU swap tolerance......  1.22E-04       Debug level............         0
 LU partial  pivoting...                 eps (machine precision)  2.22E-16       System information.....        No
                                                                                 Sticky parameters......        No

 Total char*8  workspace       500       Total integer workspace     20839       Total real    workspace     10968
 Total char*8  (minimum)       500       Total integer (minimum)       710       Total real    (minimum)       831
 
1
 

 

 Matrix statistics
 -----------------
               Total      Normal        Free       Fixed     Bounded
 Rows              7           6           1           0           0
 Columns           2           0           2           0           0

 No. of matrix elements                    8     Density      57.143
 Biggest  constant element        1.0000E+00  (excluding fixed columns,
 Smallest constant element        1.0000E+00   free rows, and RHS)

 No. of objective coefficients             0

 Nonlinear constraints       2     Linear constraints       5
 Nonlinear variables         2     Linear variables         0
 Jacobian  variables         2     Objective variables      2
 Total constraints           7     Total variables          2
1
 
 Initial basis
 -------------

 No basis file supplied

 Crash option  3

 Crash on linear E  rows:

 Crash on linear LG rows:
 Slacks     5  Free cols     0  Preferred     0
 Unit       0  Double        0  Triangle      0  Pad     0

 Itn      0: Feasible linear rows
 Itn      0: PP1.  Minimizing  Norm(x-x0)

 Itn      0: PP1.  Norm(x-x0) approximately minimized  (0.00E+00)

 
 The user has defined       6   out of       6   first  derivatives

 Cheap test of user-supplied problem derivatives...

 The constraint gradients seem to be OK.

 -->  The largest discrepancy was    5.32E-07  in constraint     4
 

 The objective  gradients seem to be OK.

 Gradient projected in one direction   4.96914176652E-01
 Difference approximation              4.96914357444E-01

 Crash on nonlinear rows:
 Slacks     2  Free cols     0  Preferred     0
 Unit       0  Double        0  Triangle      0  Pad     0
1
 
 Itn      0: Hessian set to a scaled identity matrix
 

   Itns Major Minors    Step   nCon Feasible  Optimal  MeritFunction     L+U BSwap     nS condZHZ Penalty
      2     0      2              1 (0.0E+00) 7.5E-02  1.9544014E-01      10            1 1.7E+00         _  r
 Itn      2: Hessian set to a scaled identity matrix
      3     1      1 1.0E+00      2  1.8E-03  5.9E-06  1.5290566E-01      10            1 1.6E+02         _  r
      4     2      1 1.7E-03      4  1.8E-03  1.2E-03  1.5291390E-01      10            1 2.5E+00 5.0E+00 _s
      5     3      1 1.0E+00      5 (7.9E-07) 2.6E-04  1.5291468E-01      10            1 2.5E+00 5.6E+00 _
      6     4      1 1.0E+00      6 (2.5E-08) 4.2E-05  1.5291467E-01      10            1 3.0E+00 2.4E+00 _
      7     5      1 1.0E+00      7 (4.8E-10)(3.6E-10) 1.5291467E-01      10            1 3.0E+00 2.4E+00 _
1
 
 SNOPTA EXIT   0 -- finished successfully
 SNOPTA INFO   1 -- optimality conditions satisfied

 Problem name                 toyprob
 No. of iterations                   7   Objective            1.5291466999E-01
 No. of major iterations             5   Linear    obj. term  0.0000000000E+00
 Penalty parameter           2.434E+00   Nonlinear obj. term  1.5291466999E-01
 User function calls (total)         8
 No. of superbasics                  1   No. of basic nonlinears             1
 No. of degenerate steps             0   Percentage                       0.00
 Max x                       2 7.4E-01   Max pi                      7 1.0E+00
 Max Primal infeas           0 0.0E+00   Max Dual infeas             2 3.6E-10
 Nonlinear constraint violn    4.8E-10
1
 
 Name           toyprob                  Objective Value      1.5291466999E-01

 Status         Optimal Soln             Iteration      7    Superbasics     1

 Objective               (Min)
 RHS
 Ranges
 Bounds

 Section 1 - Rows

  Number  ...Row.. State  ...Activity...  Slack Activity  ..Lower Limit.  ..Upper Limit.  .Dual Activity    ..i
 
       3  r      1    BS          .               .                None            None         -1.0          1
       4  r      2    UL         0.00000         0.00000           None           .             -0.49569      2
       5  r      3    BS        -0.20571        -0.20571           None           .               .           3
       6  r      4    BS         0.50000        -0.50000           None          1.0              .           4
       7  r      5    BS         0.74423        -0.25577           None          1.0              .           5
       8  r      6    BS        -0.50000        -0.50000           None           .               .           6
       9  r      7    BS        -0.74423        -0.74423           None           .               .           7
1
 
 Section 2 - Columns

  Number  .Column. State  ...Activity...  .Obj Gradient.  ..Lower Limit.  ..Upper Limit.  Reduced Gradnt    m+j
 
       1  x      1   SBS         0.50000        -0.00000           None            None         -0.00000      8
       2  x      2    BS         0.74423        -0.96782           None            None          0.00000      9
 
 Time for MPS input                             0.00 seconds
 Time for solving problem                       0.01 seconds
 Time for solution output                       0.00 seconds
 Time for constraint functions                  0.01 seconds
 Time for objective function                    0.00 seconds
